{
  "RSpec": {
    "coverage": {
      "/Users/danielbriechle/turing/3mod/sweater_weather/spec/services/dark_sky_service_spec.rb": [
        null,
        null,
        null,
        null,
        null,
        null,
        null,
        null,
        null
      ],
      "/Users/danielbriechle/turing/3mod/sweater_weather/spec/services/flickr_service_spec.rb": [
        null,
        null,
        null,
        null,
        null,
        null,
        null,
        null,
        null,
        null,
        null,
        null,
        null,
        null,
        null,
        null,
        null,
        null,
        null,
        null,
        null,
        null,
        null,
        null,
        null,
        null,
        null
      ],
      "/Users/danielbriechle/turing/3mod/sweater_weather/spec/services/geocode_service_spec.rb": [
        null,
        null,
        null,
        null,
        null,
        null,
        null,
        null,
        null,
        null,
        null,
        null,
        null,
        null,
        null,
        null,
        null,
        null,
        null,
        null,
        null,
        null,
        null,
        null,
        null,
        null,
        null
      ],
      "/Users/danielbriechle/turing/3mod/sweater_weather/spec/services/giphy_service_spec.rb": [
        null,
        null,
        null,
        null,
        null,
        null,
        null,
        null,
        null,
        null,
        null,
        null
      ],
      "/Users/danielbriechle/turing/3mod/sweater_weather/app/controllers/api/v1/gifs_controller.rb": [
        1,
        1,
        1,
        null,
        null
      ],
      "/Users/danielbriechle/turing/3mod/sweater_weather/app/controllers/application_controller.rb": [
        1,
        null
      ],
      "/Users/danielbriechle/turing/3mod/sweater_weather/app/service_facades/gif_service_facade.rb": [
        1,
        1,
        1,
        1,
        null,
        null,
        null,
        1,
        1,
        7,
        null,
        null,
        null,
        1,
        1,
        null,
        null,
        7,
        null,
        null,
        null
      ],
      "/Users/danielbriechle/turing/3mod/sweater_weather/app/service_facades/forecast_facade.rb": [
        1,
        1,
        1,
        1,
        null,
        null
      ],
      "/Users/danielbriechle/turing/3mod/sweater_weather/app/services/dark_sky_service.rb": [
        1,
        null,
        1,
        1,
        1,
        1,
        null,
        null,
        null,
        1,
        1,
        1,
        null,
        null,
        1,
        1,
        1,
        null,
        null,
        null,
        null
      ],
      "/Users/danielbriechle/turing/3mod/sweater_weather/app/service_facades/location_facade.rb": [
        1,
        1,
        1,
        2,
        2,
        null,
        null
      ],
      "/Users/danielbriechle/turing/3mod/sweater_weather/app/services/google_geocode_service.rb": [
        1,
        null,
        1,
        2,
        null,
        null,
        1,
        2,
        null,
        null,
        1,
        4,
        null,
        null,
        1,
        null,
        1,
        4,
        4,
        null,
        null,
        1,
        4,
        4,
        4,
        null,
        null,
        null,
        null
      ],
      "/Users/danielbriechle/turing/3mod/sweater_weather/app/services/giphy_service.rb": [
        1,
        null,
        1,
        7,
        null,
        1,
        7,
        7,
        null,
        null,
        1,
        7,
        7,
        null,
        null,
        null,
        null
      ]
    },
    "timestamp": 1551115638
  }
}
