{
  "RSpec": {
    "coverage": {
      "/Users/danielbriechle/turing/3mod/sweater_weather/spec/services/dark_sky_service_spec.rb": [
        null,
        null,
        null,
        null,
        null,
        null,
        null,
        null
      ],
      "/Users/danielbriechle/turing/3mod/sweater_weather/spec/services/geocode_service_spec.rb": [
        null,
        null,
        null,
        null,
        null,
        null,
        null,
        null,
        null,
        null,
        null,
        null,
        null,
        null,
        null,
        null,
        null,
        null,
        null,
        null,
        null,
        null,
        null,
        null,
        null,
        null,
        null
      ],
      "/Users/danielbriechle/turing/3mod/sweater_weather/app/controllers/api/v1/forecasts_controller.rb": [
        1,
        1,
        2,
        null,
        null
      ],
      "/Users/danielbriechle/turing/3mod/sweater_weather/app/controllers/application_controller.rb": [
        1,
        null
      ],
      "/Users/danielbriechle/turing/3mod/sweater_weather/app/models/forecast.rb": [
        1,
        1,
        2,
        2,
        2,
        2,
        null,
        null,
        1,
        2,
        null,
        null,
        null,
        null,
        null,
        null,
        null,
        2,
        null,
        null,
        1,
        2,
        2,
        null,
        16,
        null,
        null,
        null,
        1,
        2,
        2,
        null,
        null,
        null,
        null,
        10,
        null,
        null,
        null
      ],
      "/Users/danielbriechle/turing/3mod/sweater_weather/app/services/dark_sky_service.rb": [
        1,
        1,
        6,
        null,
        null,
        1,
        6,
        6,
        6,
        null,
        null,
        1,
        null,
        1,
        6,
        6,
        null,
        null,
        1,
        6,
        6,
        null,
        null,
        null,
        null
      ],
      "/Users/danielbriechle/turing/3mod/sweater_weather/app/services/google_geocode_service.rb": [
        1,
        null,
        1,
        6,
        null,
        null,
        1,
        6,
        null,
        null,
        1,
        12,
        null,
        null,
        1,
        null,
        1,
        12,
        12,
        null,
        null,
        1,
        12,
        12,
        12,
        null,
        null,
        null,
        null
      ]
    },
    "timestamp": 1550958608
  }
}
